<?xml version="1.0" encoding="UTF-8"?>
<!-- Generated by org.testng.reporters.JUnitReportReporter -->
<testsuite hostname="LAPTOP-3BL16AQ1" failures="0" tests="9" name="TestNgAttributes.InvocationCount_Attribute" time="109.181" errors="0" timestamp="2024-02-14T07:50:27 IST" skipped="0">
  <testcase classname="TestNgAttributes.InvocationCount_Attribute" name="enterUsername" time="1.329"/>
  <system-out/>
  <testcase classname="TestNgAttributes.InvocationCount_Attribute" name="enterPassword" time="0.520"/>
  <system-out/>
  <testcase classname="TestNgAttributes.InvocationCount_Attribute" name="clickLogin" time="60.062"/>
  <system-out/>
  <testcase classname="TestNgAttributes.InvocationCount_Attribute" name="verifyAndClickAdminTab" time="1.696"/>
  <system-out/>
  <testcase classname="TestNgAttributes.InvocationCount_Attribute" name="verifyAndClickAdminTab" time="1.521"/>
  <system-out/>
  <testcase classname="TestNgAttributes.InvocationCount_Attribute" name="verifyAndClickAdminTab" time="33.927"/>
  <system-out/>
  <testcase classname="TestNgAttributes.InvocationCount_Attribute" name="verifyAndClickAdminTab" time="1.531"/>
  <system-out/>
  <testcase classname="TestNgAttributes.InvocationCount_Attribute" name="verifyAndClickAdminTab" time="6.164"/>
  <system-out/>
  <testcase classname="TestNgAttributes.InvocationCount_Attribute" name="verifyAndClickAdminTab" time="2.431"/>
  <system-out/>
</testsuite> <!-- TestNgAttributes.InvocationCount_Attribute -->
