<?xml version="1.0" encoding="UTF-8"?>
<!-- Generated by org.testng.reporters.JUnitReportReporter -->
<testsuite hostname="LAPTOP-3BL16AQ1" failures="0" tests="4" name="TestNgAssertions.Soft_Assertion" time="68.215" errors="0" timestamp="2024-02-14T08:05:15 IST" skipped="0">
  <testcase classname="TestNgAssertions.Soft_Assertion" name="enterUsername" time="0.988"/>
  <system-out/>
  <testcase classname="TestNgAssertions.Soft_Assertion" name="enterPassword" time="0.582"/>
  <system-out/>
  <testcase classname="TestNgAssertions.Soft_Assertion" name="clickLogin" time="49.245"/>
  <system-out/>
  <testcase classname="TestNgAssertions.Soft_Assertion" name="verifyAndClickAdminTab" time="17.400"/>
  <system-out/>
</testsuite> <!-- TestNgAssertions.Soft_Assertion -->
