<?xml version="1.0" encoding="UTF-8"?>
<!-- Generated by org.testng.reporters.JUnitReportReporter -->
<testsuite hostname="LAPTOP-3BL16AQ1" failures="0" tests="4" name="TestNgAttributes.Description_Attribute" time="9.442" errors="0" timestamp="2024-02-13T08:32:30 IST" skipped="0">
  <testcase classname="TestNgAttributes.Description_Attribute" name="enterUsername" time="1.129"/>
  <system-out/>
  <testcase classname="TestNgAttributes.Description_Attribute" name="enterPassword" time="0.653"/>
  <system-out/>
  <testcase classname="TestNgAttributes.Description_Attribute" name="clickLogin" time="1.854"/>
  <system-out/>
  <testcase classname="TestNgAttributes.Description_Attribute" name="verifyAndClickAdminTab" time="5.806"/>
  <system-out/>
</testsuite> <!-- TestNgAttributes.Description_Attribute -->
