<?xml version="1.0" encoding="UTF-8"?>
<!-- Generated by org.testng.reporters.JUnitReportReporter -->
<testsuite hostname="LAPTOP-3BL16AQ1" failures="0" tests="7" name="TestNgAttributes.DataProvider_Attribute" time="10.204" errors="0" timestamp="2024-02-13T08:18:56 IST" skipped="0">
  <testcase classname="TestNgAttributes.DataProvider_Attribute" name="enterUsername" time="0.961"/>
  <system-out/>
  <testcase classname="TestNgAttributes.DataProvider_Attribute" name="enterPassword" time="0.385"/>
  <system-out/>
  <testcase classname="TestNgAttributes.DataProvider_Attribute" name="clickLogin" time="1.846"/>
  <system-out/>
  <testcase classname="TestNgAttributes.DataProvider_Attribute" name="verifyAndClickAdminTab" time="2.817"/>
  <system-out/>
  <testcase classname="TestNgAttributes.DataProvider_Attribute" name="verifyAndEnterTextToTheUserNameTextbox" time="1.235"/>
  <system-out/>
  <testcase classname="TestNgAttributes.DataProvider_Attribute" name="verifyAndEnterTextToTheUserNameTextbox" time="1.680"/>
  <system-out/>
  <testcase classname="TestNgAttributes.DataProvider_Attribute" name="verifyAndEnterTextToTheUserNameTextbox" time="1.280"/>
  <system-out/>
</testsuite> <!-- TestNgAttributes.DataProvider_Attribute -->
