<?xml version="1.0" encoding="UTF-8"?>
<!-- Generated by org.testng.reporters.JUnitReportReporter -->
<testsuite hostname="LAPTOP-3BL16AQ1" failures="0" tests="5" name="TestNg.TC_2_VerifyUserNameFieldOnTheAdminPage" time="60.267" errors="0" timestamp="2024-02-13T07:54:03 IST" skipped="0">
  <testcase classname="TestNg.TC_2_VerifyUserNameFieldOnTheAdminPage" name="enterUsername" time="0.632"/>
  <system-out/>
  <testcase classname="TestNg.TC_2_VerifyUserNameFieldOnTheAdminPage" name="enterPassword" time="0.784"/>
  <system-out/>
  <testcase classname="TestNg.TC_2_VerifyUserNameFieldOnTheAdminPage" name="clickLogin" time="1.993"/>
  <system-out/>
  <testcase classname="TestNg.TC_2_VerifyUserNameFieldOnTheAdminPage" name="verifyAndClickAdminTab" time="2.961"/>
  <system-out/>
  <testcase classname="TestNg.TC_2_VerifyUserNameFieldOnTheAdminPage" name="verifyAndEnterTextToTheUserNameTextbox" time="53.897"/>
  <system-out/>
</testsuite> <!-- TestNg.TC_2_VerifyUserNameFieldOnTheAdminPage -->
