<?xml version="1.0" encoding="UTF-8"?>
<!-- Generated by org.testng.reporters.JUnitReportReporter -->
<testsuite hostname="LAPTOP-3BL16AQ1" failures="0" tests="4" name="TestNgAttributes.Priority_Attribute" time="8.023" errors="0" timestamp="2024-02-13T08:23:14 IST" skipped="0">
  <testcase classname="TestNgAttributes.Priority_Attribute" name="enterUsername" time="0.650"/>
  <system-out/>
  <testcase classname="TestNgAttributes.Priority_Attribute" name="enterPassword" time="0.560"/>
  <system-out/>
  <testcase classname="TestNgAttributes.Priority_Attribute" name="clickLogin" time="2.725"/>
  <system-out/>
  <testcase classname="TestNgAttributes.Priority_Attribute" name="verifyAndClickAdminTab" time="4.088"/>
  <system-out/>
</testsuite> <!-- TestNgAttributes.Priority_Attribute -->
