<?xml version="1.0" encoding="UTF-8"?>
<!-- Generated by org.testng.reporters.JUnitReportReporter -->
<testsuite hostname="LAPTOP-3BL16AQ1" failures="0" tests="4" name="TestNgAttributes.DependsOnMethods_Attribute" time="5.857" errors="0" timestamp="2024-02-13T08:37:59 IST" skipped="0">
  <testcase classname="TestNgAttributes.DependsOnMethods_Attribute" name="clickLogin" time="1.499"/>
  <system-out/>
  <testcase classname="TestNgAttributes.DependsOnMethods_Attribute" name="verifyAndClickAdminTab" time="2.675"/>
  <system-out/>
  <testcase classname="TestNgAttributes.DependsOnMethods_Attribute" name="enterPassword" time="0.802"/>
  <system-out/>
  <testcase classname="TestNgAttributes.DependsOnMethods_Attribute" name="enterUsername" time="0.881"/>
  <system-out/>
</testsuite> <!-- TestNgAttributes.DependsOnMethods_Attribute -->
