<?xml version="1.0" encoding="UTF-8"?>
<!-- Generated by org.testng.reporters.JUnitReportReporter -->
<testsuite hostname="LAPTOP-3BL16AQ1" failures="0" tests="4" name="TestNg.TC_1_VerifyAdminTabOnHomePage" time="8.046" errors="0" timestamp="2024-02-12T08:42:50 IST" skipped="0">
  <testcase classname="TestNg.TC_1_VerifyAdminTabOnHomePage" name="enterUsername" time="3.711"/>
  <system-out/>
  <testcase classname="TestNg.TC_1_VerifyAdminTabOnHomePage" name="enterPassword" time="1.211"/>
  <system-out/>
  <testcase classname="TestNg.TC_1_VerifyAdminTabOnHomePage" name="clickLogin" time="2.210"/>
  <system-out/>
  <testcase classname="TestNg.TC_1_VerifyAdminTabOnHomePage" name="verifyAdminTab" time="0.914"/>
  <system-out/>
</testsuite> <!-- TestNg.TC_1_VerifyAdminTabOnHomePage -->
