<?xml version="1.0" encoding="UTF-8"?>
<!-- Generated by org.testng.reporters.JUnitReportReporter -->
<testsuite hostname="LAPTOP-3BL16AQ1" failures="0" tests="4" name="TestNgAttributes.TimeOut_Attribute" time="10.906" errors="0" timestamp="2024-02-13T08:25:53 IST" skipped="0">
  <testcase classname="TestNgAttributes.TimeOut_Attribute" name="enterUsername" time="1.652"/>
  <system-out/>
  <testcase classname="TestNgAttributes.TimeOut_Attribute" name="enterPassword" time="0.542"/>
  <system-out/>
  <testcase classname="TestNgAttributes.TimeOut_Attribute" name="clickLogin" time="1.641"/>
  <system-out/>
  <testcase classname="TestNgAttributes.TimeOut_Attribute" name="verifyAndClickAdminTab" time="7.071"/>
  <system-out/>
</testsuite> <!-- TestNgAttributes.TimeOut_Attribute -->
