<?xml version="1.0" encoding="UTF-8"?>
<!-- Generated by org.testng.reporters.JUnitReportReporter -->
<testsuite hostname="LAPTOP-3BL16AQ1" failures="0" tests="4" name="TestNg.TC_1_VerifyAdminTabOnHomePage_Edge" time="3.435" errors="0" timestamp="2024-02-12T08:42:50 IST" skipped="0">
  <testcase classname="TestNg.TC_1_VerifyAdminTabOnHomePage_Edge" name="enterUsername" time="0.769"/>
  <system-out/>
  <testcase classname="TestNg.TC_1_VerifyAdminTabOnHomePage_Edge" name="enterPassword" time="0.518"/>
  <system-out/>
  <testcase classname="TestNg.TC_1_VerifyAdminTabOnHomePage_Edge" name="clickLogin" time="0.246"/>
  <system-out/>
  <testcase classname="TestNg.TC_1_VerifyAdminTabOnHomePage_Edge" name="verifyAdminTab" time="1.902"/>
  <system-out/>
</testsuite> <!-- TestNg.TC_1_VerifyAdminTabOnHomePage_Edge -->
