<?xml version="1.0" encoding="UTF-8"?>
<!-- Generated by org.testng.reporters.JUnitReportReporter -->
<testsuite hostname="LAPTOP-3BL16AQ1" failures="0" tests="4" name="TestNgAttributes.Enabled_Attribute" time="5.844" errors="0" timestamp="2024-02-13T08:28:58 IST" skipped="1">
  <testcase classname="TestNgAttributes.Enabled_Attribute" name="enterUsername" time="3.366"/>
  <system-out/>
  <testcase classname="TestNgAttributes.Enabled_Attribute" name="enterPassword" time="0.666"/>
  <system-out/>
  <testcase classname="TestNgAttributes.Enabled_Attribute" name="clickLogin" time="1.812"/>
  <system-out/>
  <testcase classname="TestNgAttributes.Enabled_Attribute" name="verifyAndClickAdminTab">
    <skipped/>
  </testcase> <!-- verifyAndClickAdminTab -->
  <system-out/>
</testsuite> <!-- TestNgAttributes.Enabled_Attribute -->
